<?xml version="1.0" encoding="UTF-8"?>
<coverage generated="1698830398325" clover="3.2.0">
  <project timestamp="1698830398325" name="All files">
    <metrics statements="19" coveredstatements="19" conditionals="6" coveredconditionals="6" methods="4" coveredmethods="4" elements="29" coveredelements="29" complexity="0" loc="19" ncloc="19" packages="1" files="1" classes="1"/>
    <file name="evaluateGuess.js" path="/Users/dheerajagrahari/Desktop/MountBlue/wordle_game/evaluateGuess.js">
      <metrics statements="19" coveredstatements="19" conditionals="6" coveredconditionals="6" methods="4" coveredmethods="4"/>
      <line num="2" count="4" type="stmt"/>
      <line num="3" count="4" type="stmt"/>
      <line num="5" count="4" type="stmt"/>
      <line num="6" count="4" type="stmt"/>
      <line num="8" count="16" type="stmt"/>
      <line num="10" count="4" type="stmt"/>
      <line num="14" count="4" type="stmt"/>
      <line num="15" count="20" type="stmt"/>
      <line num="16" count="20" type="stmt"/>
      <line num="18" count="20" type="cond" truecount="2" falsecount="0"/>
      <line num="19" count="15" type="stmt"/>
      <line num="20" count="15" type="stmt"/>
      <line num="26" count="5" type="stmt"/>
      <line num="36" count="4" type="stmt"/>
      <line num="37" count="20" type="cond" truecount="2" falsecount="0"/>
      <line num="41" count="2" type="stmt"/>
      <line num="42" count="2" type="stmt"/>
      <line num="43" count="2" type="stmt"/>
      <line num="48" count="1" type="stmt"/>
    </file>
  </project>
</coverage>
