{"/Users/dheerajagrahari/Desktop/MountBlue/wordle_game/evaluateGuess.js": {"path":"/Users/dheerajagrahari/Desktop/MountBlue/wordle_game/evaluateGuess.js","statementMap":{"0":{"start":{"line":3,"column":19},"end":{"line":3,"column":21}},"1":{"start":{"line":5,"column":4},"end":{"line":24,"column":5}},"2":{"start":{"line":5,"column":17},"end":{"line":5,"column":18}},"3":{"start":{"line":6,"column":28},"end":{"line":6,"column":36}},"4":{"start":{"line":7,"column":24},"end":{"line":7,"column":56}},"5":{"start":{"line":8,"column":24},"end":{"line":8,"column":59}},"6":{"start":{"line":11,"column":6},"end":{"line":17,"column":7}},"7":{"start":{"line":12,"column":8},"end":{"line":12,"column":25}},"8":{"start":{"line":13,"column":13},"end":{"line":17,"column":7}},"9":{"start":{"line":14,"column":8},"end":{"line":14,"column":26}},"10":{"start":{"line":16,"column":8},"end":{"line":16,"column":24}},"11":{"start":{"line":19,"column":6},"end":{"line":23,"column":9}},"12":{"start":{"line":26,"column":4},"end":{"line":26,"column":18}},"13":{"start":{"line":29,"column":2},"end":{"line":29,"column":33}}},"fnMap":{"0":{"name":"evaluateGuess","decl":{"start":{"line":2,"column":9},"end":{"line":2,"column":22}},"loc":{"start":{"line":2,"column":43},"end":{"line":27,"column":3}},"line":2}},"branchMap":{"0":{"loc":{"start":{"line":11,"column":6},"end":{"line":17,"column":7}},"type":"if","locations":[{"start":{"line":11,"column":6},"end":{"line":17,"column":7}},{"start":{"line":13,"column":13},"end":{"line":17,"column":7}}],"line":11},"1":{"loc":{"start":{"line":13,"column":13},"end":{"line":17,"column":7}},"type":"if","locations":[{"start":{"line":13,"column":13},"end":{"line":17,"column":7}},{"start":{"line":15,"column":13},"end":{"line":17,"column":7}}],"line":13}},"s":{"0":4,"1":4,"2":4,"3":20,"4":20,"5":20,"6":20,"7":15,"8":5,"9":2,"10":3,"11":20,"12":4,"13":1},"f":{"0":4},"b":{"0":[15,5],"1":[2,3]},"_coverageSchema":"1a1c01bbd47fc00a2c39e90264f33305004495a9","hash":"a5206be714dede19b4c25cdb20b6511412cd2b48"}
}
