{"/Users/dheerajagrahari/Desktop/MountBlue/wordle_game/evaluateGuess.js": {"path":"/Users/dheerajagrahari/Desktop/MountBlue/wordle_game/evaluateGuess.js","statementMap":{"0":{"start":{"line":2,"column":17},"end":{"line":2,"column":19}},"1":{"start":{"line":3,"column":27},"end":{"line":3,"column":43}},"2":{"start":{"line":5,"column":2},"end":{"line":5,"column":54}},"3":{"start":{"line":6,"column":2},"end":{"line":6,"column":56}},"4":{"start":{"line":8,"column":2},"end":{"line":8,"column":43}},"5":{"start":{"line":8,"column":24},"end":{"line":8,"column":41}},"6":{"start":{"line":10,"column":2},"end":{"line":10,"column":16}},"7":{"start":{"line":14,"column":2},"end":{"line":32,"column":3}},"8":{"start":{"line":14,"column":15},"end":{"line":14,"column":16}},"9":{"start":{"line":15,"column":26},"end":{"line":15,"column":34}},"10":{"start":{"line":16,"column":22},"end":{"line":16,"column":59}},"11":{"start":{"line":18,"column":4},"end":{"line":31,"column":5}},"12":{"start":{"line":19,"column":6},"end":{"line":19,"column":33}},"13":{"start":{"line":20,"column":6},"end":{"line":24,"column":9}},"14":{"start":{"line":26,"column":6},"end":{"line":30,"column":9}},"15":{"start":{"line":36,"column":2},"end":{"line":45,"column":3}},"16":{"start":{"line":36,"column":15},"end":{"line":36,"column":16}},"17":{"start":{"line":37,"column":4},"end":{"line":44,"column":5}},"18":{"start":{"line":41,"column":27},"end":{"line":41,"column":61}},"19":{"start":{"line":42,"column":6},"end":{"line":42,"column":44}},"20":{"start":{"line":43,"column":6},"end":{"line":43,"column":34}},"21":{"start":{"line":48,"column":0},"end":{"line":48,"column":31}}},"fnMap":{"0":{"name":"evaluateGuess","decl":{"start":{"line":1,"column":9},"end":{"line":1,"column":22}},"loc":{"start":{"line":1,"column":43},"end":{"line":11,"column":1}},"line":1},"1":{"name":"(anonymous_1)","decl":{"start":{"line":8,"column":14},"end":{"line":8,"column":15}},"loc":{"start":{"line":8,"column":24},"end":{"line":8,"column":41}},"line":8},"2":{"name":"markCorrectLetters","decl":{"start":{"line":13,"column":9},"end":{"line":13,"column":27}},"loc":{"start":{"line":13,"column":61},"end":{"line":33,"column":1}},"line":13},"3":{"name":"markIncorrectLetters","decl":{"start":{"line":35,"column":9},"end":{"line":35,"column":29}},"loc":{"start":{"line":35,"column":63},"end":{"line":46,"column":1}},"line":35}},"branchMap":{"0":{"loc":{"start":{"line":18,"column":4},"end":{"line":31,"column":5}},"type":"if","locations":[{"start":{"line":18,"column":4},"end":{"line":31,"column":5}},{"start":{"line":25,"column":11},"end":{"line":31,"column":5}}],"line":18},"1":{"loc":{"start":{"line":37,"column":4},"end":{"line":44,"column":5}},"type":"if","locations":[{"start":{"line":37,"column":4},"end":{"line":44,"column":5}},{"start":{},"end":{}}],"line":37},"2":{"loc":{"start":{"line":38,"column":6},"end":{"line":39,"column":41}},"type":"binary-expr","locations":[{"start":{"line":38,"column":6},"end":{"line":38,"column":33}},{"start":{"line":39,"column":6},"end":{"line":39,"column":41}}],"line":38}},"s":{"0":4,"1":4,"2":4,"3":4,"4":4,"5":16,"6":4,"7":4,"8":4,"9":20,"10":20,"11":20,"12":15,"13":15,"14":5,"15":4,"16":4,"17":20,"18":2,"19":2,"20":2,"21":1},"f":{"0":4,"1":16,"2":4,"3":4},"b":{"0":[15,5],"1":[2,18],"2":[20,5]},"_coverageSchema":"1a1c01bbd47fc00a2c39e90264f33305004495a9","hash":"f4e5f453b790b810c7666ea33f0620dab06e9f92"}
}
