TN:
SF:server.js
FN:11,getRandomWord
FN:12,(anonymous_1)
FN:13,(anonymous_2)
FN:26,GameStartFromHere
FN:33,(anonymous_4)
FN:46,startGame
FN:75,getValidGuessFromUser
FN:76,(anonymous_7)
FN:93,getGuessFromUser
FN:94,(anonymous_9)
FN:100,evaluateGuess
FN:128,wordIsInTxtFile
FN:130,(anonymous_12)
FN:135,displayResult
FN:136,(anonymous_14)
FNF:15
FNH:2
FNDA:0,getRandomWord
FNDA:0,(anonymous_1)
FNDA:0,(anonymous_2)
FNDA:1,GameStartFromHere
FNDA:0,(anonymous_4)
FNDA:0,startGame
FNDA:0,getValidGuessFromUser
FNDA:0,(anonymous_7)
FNDA:0,getGuessFromUser
FNDA:0,(anonymous_9)
FNDA:4,evaluateGuess
FNDA:0,wordIsInTxtFile
FNDA:0,(anonymous_12)
FNDA:0,displayResult
FNDA:0,(anonymous_14)
DA:1,1
DA:2,1
DA:3,1
DA:5,1
DA:12,0
DA:13,0
DA:14,0
DA:15,0
DA:17,0
DA:18,0
DA:19,0
DA:28,1
DA:29,1
DA:30,1
DA:31,1
DA:32,1
DA:33,1
DA:34,0
DA:35,0
DA:36,0
DA:37,0
DA:40,0
DA:41,0
DA:47,0
DA:48,0
DA:50,0
DA:51,0
DA:53,0
DA:54,0
DA:56,0
DA:57,0
DA:58,0
DA:59,0
DA:61,0
DA:63,0
DA:64,0
DA:65,0
DA:66,0
DA:68,0
DA:76,0
DA:77,0
DA:78,0
DA:79,0
DA:80,0
DA:81,0
DA:82,0
DA:83,0
DA:84,0
DA:86,0
DA:94,0
DA:95,0
DA:101,4
DA:103,4
DA:104,20
DA:105,20
DA:106,20
DA:109,20
DA:110,15
DA:111,5
DA:112,2
DA:114,3
DA:117,20
DA:124,4
DA:129,0
DA:130,0
DA:131,0
DA:136,0
DA:141,0
DA:142,0
DA:143,0
DA:144,0
DA:145,0
DA:146,0
DA:148,0
DA:149,0
DA:151,0
DA:156,1
DA:158,1
LF:78
LH:24
BRDA:14,0,0,0
BRDA:14,0,1,0
BRDA:34,1,0,0
BRDA:34,1,1,0
BRDA:56,2,0,0
BRDA:56,2,1,0
BRDA:63,3,0,0
BRDA:63,3,1,0
BRDA:80,4,0,0
BRDA:80,4,1,0
BRDA:82,5,0,0
BRDA:82,5,1,0
BRDA:109,6,0,15
BRDA:109,6,1,5
BRDA:111,7,0,2
BRDA:111,7,1,3
BRDA:141,8,0,0
BRDA:141,8,1,0
BRDA:144,9,0,0
BRDA:144,9,1,0
BRF:20
BRH:4
end_of_record
