TN:
SF:evaluateGuess.js
FN:1,evaluateGuess
FN:8,(anonymous_1)
FN:13,markCorrectLetters
FN:35,markIncorrectLetters
FNF:4
FNH:4
FNDA:4,evaluateGuess
FNDA:16,(anonymous_1)
FNDA:4,markCorrectLetters
FNDA:4,markIncorrectLetters
DA:2,4
DA:3,4
DA:5,4
DA:6,4
DA:8,16
DA:10,4
DA:14,4
DA:15,20
DA:16,20
DA:18,20
DA:19,15
DA:20,15
DA:26,5
DA:36,4
DA:37,20
DA:41,2
DA:42,2
DA:43,2
DA:48,1
LF:19
LH:19
BRDA:18,0,0,15
BRDA:18,0,1,5
BRDA:37,1,0,2
BRDA:37,1,1,18
BRDA:38,2,0,20
BRDA:38,2,1,5
BRF:6
BRH:6
end_of_record
